[0.034s] Invoking command in '/home/mewert/Desktop/luna/build/diagnostic_updater': CMAKE_PREFIX_PATH=${CMAKE_PREFIX_PATH}:/home/mewert/Desktop/luna/install/open_cv_pkg:/opt/ros/humble /usr/bin/cmake --build /home/mewert/Desktop/luna/build/diagnostic_updater -- -j6 -l6
[0.136s] [ 14%] Built target gtest_main
[0.142s] [ 28%] Built target gtest
[0.155s] [ 42%] Built target diagnostic_updater
[0.162s] [ 42%] Built target ament_cmake_python_symlink_diagnostic_updater
[0.222s] [ 57%] Built target diagnostic_status_wrapper_test
[0.272s] [ 71%] Built target example
[0.281s] [ 85%] Built target diagnostic_updater_test
[0.282s] [100%] Built target status_msg_test
[0.566s] running egg_info
[0.569s] writing diagnostic_updater.egg-info/PKG-INFO
[0.570s] writing dependency_links to diagnostic_updater.egg-info/dependency_links.txt
[0.575s] writing top-level names to diagnostic_updater.egg-info/top_level.txt
[0.672s] reading manifest file 'diagnostic_updater.egg-info/SOURCES.txt'
[0.709s] Traceback (most recent call last):
[0.709s]   File "/home/mewert/Desktop/luna/build/diagnostic_updater/ament_cmake_python/diagnostic_updater/setup.py", line 4, in <module>
[0.709s]     setup(
[0.710s]   File "/home/mewert/.local/lib/python3.10/site-packages/setuptools/__init__.py", line 117, in setup
[0.710s]     return distutils.core.setup(**attrs)
[0.710s]   File "/home/mewert/.local/lib/python3.10/site-packages/setuptools/_distutils/core.py", line 183, in setup
[0.710s]     return run_commands(dist)
[0.710s]   File "/home/mewert/.local/lib/python3.10/site-packages/setuptools/_distutils/core.py", line 199, in run_commands
[0.710s]     dist.run_commands()
[0.710s]   File "/home/mewert/.local/lib/python3.10/site-packages/setuptools/_distutils/dist.py", line 954, in run_commands
[0.710s]     self.run_command(cmd)
[0.711s]   File "/home/mewert/.local/lib/python3.10/site-packages/setuptools/dist.py", line 999, in run_command
[0.711s]     super().run_command(command)
[0.711s]   File "/home/mewert/.local/lib/python3.10/site-packages/setuptools/_distutils/dist.py", line 973, in run_command
[0.711s]     cmd_obj.run()
[0.711s]   File "/home/mewert/.local/lib/python3.10/site-packages/setuptools/command/egg_info.py", line 312, in run
[0.711s]     self.find_sources()
[0.711s]   File "/home/mewert/.local/lib/python3.10/site-packages/setuptools/command/egg_info.py", line 320, in find_sources
[0.711s]     mm.run()
[0.711s]   File "/home/mewert/.local/lib/python3.10/site-packages/setuptools/command/egg_info.py", line 546, in run
[0.712s]     self.prune_file_list()
[0.712s]   File "/home/mewert/.local/lib/python3.10/site-packages/setuptools/command/sdist.py", line 162, in prune_file_list
[0.712s]     super().prune_file_list()
[0.712s]   File "/home/mewert/.local/lib/python3.10/site-packages/setuptools/_distutils/command/sdist.py", line 380, in prune_file_list
[0.712s]     base_dir = self.distribution.get_fullname()
[0.712s]   File "/home/mewert/.local/lib/python3.10/site-packages/setuptools/_core_metadata.py", line 267, in get_fullname
[0.712s]     return _distribution_fullname(self.get_name(), self.get_version())
[0.712s]   File "/home/mewert/.local/lib/python3.10/site-packages/setuptools/_core_metadata.py", line 285, in _distribution_fullname
[0.712s]     canonicalize_version(version, strip_trailing_zero=False),
[0.712s] TypeError: canonicalize_version() got an unexpected keyword argument 'strip_trailing_zero'
[0.812s] gmake[2]: *** [CMakeFiles/ament_cmake_python_build_diagnostic_updater_egg.dir/build.make:70: CMakeFiles/ament_cmake_python_build_diagnostic_updater_egg] Error 1
[0.812s] gmake[1]: *** [CMakeFiles/Makefile2:327: CMakeFiles/ament_cmake_python_build_diagnostic_updater_egg.dir/all] Error 2
[0.812s] gmake: *** [Makefile:146: all] Error 2
[0.819s] Invoked command in '/home/mewert/Desktop/luna/build/diagnostic_updater' returned '2': CMAKE_PREFIX_PATH=${CMAKE_PREFIX_PATH}:/home/mewert/Desktop/luna/install/open_cv_pkg:/opt/ros/humble /usr/bin/cmake --build /home/mewert/Desktop/luna/build/diagnostic_updater -- -j6 -l6
