[0.046s] Invoking command in '/home/mewert/Desktop/luna/build/diagnostic_updater': CMAKE_PREFIX_PATH=${CMAKE_PREFIX_PATH}:/home/mewert/Desktop/luna/install/open_cv_pkg:/opt/ros/humble /usr/bin/cmake --build /home/mewert/Desktop/luna/build/diagnostic_updater -- -j6 -l6
[1.557s] [  7%] [32mBuilding CXX object gtest/CMakeFiles/gtest_main.dir/src/gtest_main.cc.o[0m
[1.557s] [ 14%] [32mBuilding CXX object gtest/CMakeFiles/gtest.dir/src/gtest-all.cc.o[0m
[1.557s] [ 21%] [32mBuilding CXX object CMakeFiles/diagnostic_updater.dir/src/diagnostic_updater.cpp.o[0m
[1.557s] [ 21%] Built target ament_cmake_python_symlink_diagnostic_updater
[1.557s] running egg_info
[1.557s] writing diagnostic_updater.egg-info/PKG-INFO
[1.557s] writing dependency_links to diagnostic_updater.egg-info/dependency_links.txt
[1.557s] writing top-level names to diagnostic_updater.egg-info/top_level.txt
[1.558s] reading manifest file 'diagnostic_updater.egg-info/SOURCES.txt'
[1.558s] [ 21%] Built target ament_cmake_python_build_diagnostic_updater_egg
[3.304s] [ 28%] [32m[1mLinking CXX static library libgtest_main.a[0m
[3.684s] [ 28%] Built target gtest_main
[18.297s] [ 35%] [32m[1mLinking CXX static library libgtest.a[0m
[18.846s] [ 35%] Built target gtest
[26.848s] [ 42%] [32m[1mLinking CXX shared library libdiagnostic_updater.so[0m
[27.856s] [ 50%] Built target diagnostic_updater
[27.952s] [ 50%] [32mBuilding CXX object CMakeFiles/diagnostic_status_wrapper_test.dir/test/diagnostic_status_wrapper_test.cpp.o[0m
[31.647s] [ 57%] [32m[1mLinking CXX executable diagnostic_status_wrapper_test[0m
[32.426s] [ 57%] Built target diagnostic_status_wrapper_test
[32.527s] [ 64%] [32mBuilding CXX object CMakeFiles/status_msg_test.dir/test/status_msg_test.cpp.o[0m
[52.731s] [ 71%] [32m[1mLinking CXX executable status_msg_test[0m
[53.240s] [ 71%] Built target status_msg_test
[53.362s] [ 78%] [32mBuilding CXX object CMakeFiles/diagnostic_updater_test.dir/test/diagnostic_updater_test.cpp.o[0m
[54.615s] gmake[2]: *** wait: No child processes.  Stop.
[54.615s] gmake[2]: *** Waiting for unfinished jobs....
[54.616s] gmake[2]: *** wait: No child processes.  Stop.
[54.616s] gmake[1]: *** [CMakeFiles/Makefile2:220: CMakeFiles/diagnostic_updater_test.dir/all] Error 2
[54.645s] gmake: *** [Makefile:146: all] Interrupt
[54.663s] Invoked command in '/home/mewert/Desktop/luna/build/diagnostic_updater' returned '-2': CMAKE_PREFIX_PATH=${CMAKE_PREFIX_PATH}:/home/mewert/Desktop/luna/install/open_cv_pkg:/opt/ros/humble /usr/bin/cmake --build /home/mewert/Desktop/luna/build/diagnostic_updater -- -j6 -l6
