[ 50%] Built target grid_trajectory
[ 75%] [32mBuilding CXX object CMakeFiles/pointcloud_to_grid_node.dir/src/pointcloud_to_grid_node.cpp.o[0m
[01m[K/home/mewert/Desktop/luna/src/pointcloud_to_grid/src/pointcloud_to_grid_node.cpp:[m[K In constructor â€˜[01m[KPointCloudToGrid::PointCloudToGrid()[m[Kâ€™:
[01m[K/home/mewert/Desktop/luna/src/pointcloud_to_grid/src/pointcloud_to_grid_node.cpp:98:60:[m[K [01;31m[Kerror: [m[Kâ€˜[01m[Kcamera[m[Kâ€™ was not declared in this scope
   98 |     this->declare_parameter<std::string>("cloud_in_topic", [01;31m[Kcamera[m[K/camera/depth/color/points);
      |                                                            [01;31m[K^~~~~~[m[K
[01m[K/home/mewert/Desktop/luna/src/pointcloud_to_grid/src/pointcloud_to_grid_node.cpp:98:74:[m[K [01;31m[Kerror: [m[Kâ€˜[01m[Kdepth[m[Kâ€™ was not declared in this scope
   98 | lare_parameter<std::string>("cloud_in_topic", camera/camera/[01;31m[Kdepth[m[K/color/points);
      |                                                             [01;31m[K^~~~~[m[K

[01m[K/home/mewert/Desktop/luna/src/pointcloud_to_grid/src/pointcloud_to_grid_node.cpp:98:80:[m[K [01;31m[Kerror: [m[Kâ€˜[01m[Kcolor[m[Kâ€™ was not declared in this scope
   98 | arameter<std::string>("cloud_in_topic", camera/camera/depth/[01;31m[Kcolor[m[K/points);
      |                                                             [01;31m[K^~~~~[m[K

[01m[K/home/mewert/Desktop/luna/src/pointcloud_to_grid/src/pointcloud_to_grid_node.cpp:98:86:[m[K [01;31m[Kerror: [m[Kâ€˜[01m[Kpoints[m[Kâ€™ was not declared in this scope; did you mean â€˜[01m[Kprintf[m[Kâ€™?
   98 | meter<std::string>("cloud_in_topic", camera/camera/depth/color/[01;31m[Kpoints[m[K);
      |                                                                [01;31m[K^~~~~~[m[K
      |                                                                [32m[Kprintf[m[K
gmake[2]: *** [CMakeFiles/pointcloud_to_grid_node.dir/build.make:76: CMakeFiles/pointcloud_to_grid_node.dir/src/pointcloud_to_grid_node.cpp.o] Error 1
gmake[1]: *** [CMakeFiles/Makefile2:139: CMakeFiles/pointcloud_to_grid_node.dir/all] Error 2
gmake: *** [Makefile:146: all] Error 2
