[0.179s] Invoking command in '/home/mewert/Desktop/luna/build/diagnostic_updater': CMAKE_PREFIX_PATH=${CMAKE_PREFIX_PATH}:/home/mewert/Desktop/luna/install/open_cv_pkg:/opt/ros/humble /usr/bin/cmake --build /home/mewert/Desktop/luna/build/diagnostic_updater -- -j6 -l6
[4.717s] [  0%] Built target ament_cmake_python_symlink_diagnostic_updater
[4.717s] [  7%] [32mBuilding CXX object gtest/CMakeFiles/gtest.dir/src/gtest-all.cc.o[0m
[4.717s] [ 14%] [32mBuilding CXX object gtest/CMakeFiles/gtest_main.dir/src/gtest_main.cc.o[0m
[4.718s] [ 21%] [32mBuilding CXX object CMakeFiles/diagnostic_updater.dir/src/diagnostic_updater.cpp.o[0m
[4.718s] running egg_info
[4.718s] writing diagnostic_updater.egg-info/PKG-INFO
[4.718s] writing dependency_links to diagnostic_updater.egg-info/dependency_links.txt
[4.718s] writing top-level names to diagnostic_updater.egg-info/top_level.txt
[4.718s] reading manifest file 'diagnostic_updater.egg-info/SOURCES.txt'
[4.718s] [ 28%] Built target ament_cmake_python_build_diagnostic_updater_egg
[6.754s] [ 28%] [32m[1mLinking CXX static library libgtest_main.a[0m
[7.034s] [ 28%] Built target gtest_main
[16.606s] [ 35%] [32m[1mLinking CXX static library libgtest.a[0m
[17.196s] [ 35%] Built target gtest
[24.891s] [ 42%] [32m[1mLinking CXX shared library libdiagnostic_updater.so[0m
[26.101s] [ 42%] Built target diagnostic_updater
[26.173s] [ 50%] [32mBuilding CXX object CMakeFiles/diagnostic_status_wrapper_test.dir/test/diagnostic_status_wrapper_test.cpp.o[0m
[31.422s] [ 64%] [32m[1mLinking CXX executable diagnostic_status_wrapper_test[0m
[32.664s] [ 64%] Built target diagnostic_status_wrapper_test
[32.744s] [ 64%] [32mBuilding CXX object CMakeFiles/status_msg_test.dir/test/status_msg_test.cpp.o[0m
[51.722s] gmake[2]: *** Deleting file 'CMakeFiles/status_msg_test.dir/test/status_msg_test.cpp.o'
[51.724s] gmake[2]: *** [CMakeFiles/status_msg_test.dir/build.make:76: CMakeFiles/status_msg_test.dir/test/status_msg_test.cpp.o] Interrupt
[51.726s] gmake[1]: *** [CMakeFiles/Makefile2:275: CMakeFiles/status_msg_test.dir/all] Interrupt
[51.764s] gmake: *** [Makefile:146: all] Interrupt
[51.820s] Invoked command in '/home/mewert/Desktop/luna/build/diagnostic_updater' returned '-2': CMAKE_PREFIX_PATH=${CMAKE_PREFIX_PATH}:/home/mewert/Desktop/luna/install/open_cv_pkg:/opt/ros/humble /usr/bin/cmake --build /home/mewert/Desktop/luna/build/diagnostic_updater -- -j6 -l6
