[0.662s] Invoking command in '/home/mewert/Desktop/luna/build/pointcloud_to_grid': CMAKE_PREFIX_PATH=${CMAKE_PREFIX_PATH}:/home/mewert/Desktop/luna/install/open_cv_pkg:/opt/ros/humble /usr/bin/cmake /home/mewert/Desktop/luna/src/pointcloud_to_grid -DAMENT_CMAKE_SYMLINK_INSTALL=1 -DCMAKE_INSTALL_PREFIX=/home/mewert/Desktop/luna/install/pointcloud_to_grid
[0.751s] -- The C compiler identification is GNU 11.4.0
[0.878s] -- The CXX compiler identification is GNU 11.4.0
[0.889s] -- Detecting C compiler ABI info
[1.019s] -- Detecting C compiler ABI info - done
[1.053s] -- Check for working C compiler: /usr/bin/cc - skipped
[1.054s] -- Detecting C compile features
[1.055s] -- Detecting C compile features - done
[1.062s] -- Detecting CXX compiler ABI info
[1.207s] -- Detecting CXX compiler ABI info - done
[1.220s] -- Check for working CXX compiler: /usr/bin/c++ - skipped
[1.221s] -- Detecting CXX compile features
[1.221s] -- Detecting CXX compile features - done
[1.225s] -- Found ament_cmake: 1.3.10 (/opt/ros/humble/share/ament_cmake/cmake)
[2.456s] -- Found Python3: /usr/bin/python3 (found version "3.10.12") found components: Interpreter 
[2.550s] -- Override CMake install command with custom implementation using symlinks instead of copying resources
[2.598s] -- Found rclcpp: 16.0.10 (/opt/ros/humble/share/rclcpp/cmake)
[2.667s] -- Found rosidl_generator_c: 3.1.5 (/opt/ros/humble/share/rosidl_generator_c/cmake)
[2.675s] -- Found rosidl_adapter: 3.1.5 (/opt/ros/humble/share/rosidl_adapter/cmake)
[2.689s] -- Found rosidl_generator_cpp: 3.1.5 (/opt/ros/humble/share/rosidl_generator_cpp/cmake)
[2.710s] -- Using all available rosidl_typesupport_c: rosidl_typesupport_fastrtps_c;rosidl_typesupport_introspection_c
[2.738s] -- Using all available rosidl_typesupport_cpp: rosidl_typesupport_fastrtps_cpp;rosidl_typesupport_introspection_cpp
[2.817s] -- Found rmw_implementation_cmake: 6.1.2 (/opt/ros/humble/share/rmw_implementation_cmake/cmake)
[2.822s] -- Found rmw_fastrtps_cpp: 6.2.7 (/opt/ros/humble/share/rmw_fastrtps_cpp/cmake)
[2.960s] -- Found OpenSSL: /usr/lib/x86_64-linux-gnu/libcrypto.so (found version "3.0.2")  
[2.998s] -- Found FastRTPS: /opt/ros/humble/include  
[3.054s] -- Using RMW implementation 'rmw_fastrtps_cpp' as default
[3.068s] -- Looking for pthread.h
[3.168s] -- Looking for pthread.h - found
[3.168s] -- Performing Test CMAKE_HAVE_LIBC_PTHREAD
[3.272s] -- Performing Test CMAKE_HAVE_LIBC_PTHREAD - Success
[3.273s] -- Found Threads: TRUE  
[3.372s] -- Found sensor_msgs: 4.2.4 (/opt/ros/humble/share/sensor_msgs/cmake)
[3.432s] -- Found nav_msgs: 4.2.4 (/opt/ros/humble/share/nav_msgs/cmake)
[3.466s] -- Found visualization_msgs: 4.2.4 (/opt/ros/humble/share/visualization_msgs/cmake)
[3.505s] -- Found tf2: 0.25.8 (/opt/ros/humble/share/tf2/cmake)
[3.521s] -- Found tf2_msgs: 0.25.8 (/opt/ros/humble/share/tf2_msgs/cmake)
[3.596s] -- Found tf2_ros: 0.25.8 (/opt/ros/humble/share/tf2_ros/cmake)
[3.674s] -- Found tf2_geometry_msgs: 0.25.8 (/opt/ros/humble/share/tf2_geometry_msgs/cmake)
[3.694s] -- Found eigen3_cmake_module: 0.1.1 (/opt/ros/humble/share/eigen3_cmake_module/cmake)
[3.696s] -- Found Eigen3: TRUE (found version "3.4.0") 
[3.696s] -- Ensuring Eigen3 include directory is part of orocos-kdl CMake target
[3.701s] -- Found pcl_ros: 2.4.5 (/opt/ros/humble/share/pcl_ros/cmake)
[3.768s] -- Checking for module 'eigen3'
[3.784s] --   Found eigen3, version 3.4.0
[3.826s] -- Found Eigen: /usr/include/eigen3 (Required is at least version "3.1") 
[3.826s] -- Eigen found (include: /usr/include/eigen3, version: 3.4.0)
[3.879s] -- Checking for module 'flann'
[3.896s] --   Found flann, version 1.9.1
[3.954s] -- Found FLANN: /usr/lib/x86_64-linux-gnu/libflann_cpp.so  
[3.954s] -- FLANN found (include: /usr/include, lib: /usr/lib/x86_64-linux-gnu/libflann_cpp.so)
[5.306s] -- Checking for module 'libusb-1.0'
[5.329s] --   Found libusb-1.0, version 1.0.25
[5.380s] -- Found libusb: /usr/lib/x86_64-linux-gnu/libusb-1.0.so  
[5.382s] -- OpenNI found (version: 1.5.4.0, include: /usr/include/ni, lib: /usr/lib/libOpenNI.so;libusb::libusb)
[5.472s] -- OpenNI2 found (version: 2.2.0.33, include: /usr/include/openni2, lib: /usr/lib/x86_64-linux-gnu/libOpenNI2.so;libusb::libusb)
[5.733s] -- Eigen found (include: /usr/include/eigen3, version: 3.4.0)
[5.739s] -- OpenNI found (version: 1.5.4.0, include: /usr/include/ni, lib: /usr/lib/libOpenNI.so;libusb::libusb)
[5.755s] -- OpenNI2 found (version: 2.2.0.33, include: /usr/include/openni2, lib: /usr/lib/x86_64-linux-gnu/libOpenNI2.so;libusb::libusb)
[6.055s] -- Found Qhull version 8.0.2
[6.328s] -- OpenNI found (version: 1.5.4.0, include: /usr/include/ni, lib: /usr/lib/libOpenNI.so;libusb::libusb)
[6.594s] -- Found PCL_COMMON: /usr/lib/x86_64-linux-gnu/libpcl_common.so  
[6.596s] -- Found PCL_KDTREE: /usr/lib/x86_64-linux-gnu/libpcl_kdtree.so  
[6.598s] -- Found PCL_OCTREE: /usr/lib/x86_64-linux-gnu/libpcl_octree.so  
[6.599s] -- Found PCL_SEARCH: /usr/lib/x86_64-linux-gnu/libpcl_search.so  
[6.601s] -- Found PCL_SAMPLE_CONSENSUS: /usr/lib/x86_64-linux-gnu/libpcl_sample_consensus.so  
[6.603s] -- Found PCL_FILTERS: /usr/lib/x86_64-linux-gnu/libpcl_filters.so  
[6.606s] -- Found PCL_2D: /usr/include/pcl-1.12  
[6.606s] -- Found PCL_GEOMETRY: /usr/include/pcl-1.12  
[6.606s] -- Found PCL_IO: /usr/lib/x86_64-linux-gnu/libpcl_io.so  
[6.608s] -- Found PCL_FEATURES: /usr/lib/x86_64-linux-gnu/libpcl_features.so  
[6.610s] -- Found PCL_ML: /usr/lib/x86_64-linux-gnu/libpcl_ml.so  
[6.613s] -- Found PCL_SEGMENTATION: /usr/lib/x86_64-linux-gnu/libpcl_segmentation.so  
[6.615s] -- Found PCL_VISUALIZATION: /usr/lib/x86_64-linux-gnu/libpcl_visualization.so  
[6.617s] -- Found PCL_SURFACE: /usr/lib/x86_64-linux-gnu/libpcl_surface.so  
[6.621s] -- Found PCL_REGISTRATION: /usr/lib/x86_64-linux-gnu/libpcl_registration.so  
[6.621s] -- Found PCL_KEYPOINTS: /usr/lib/x86_64-linux-gnu/libpcl_keypoints.so  
[6.624s] -- Found PCL_TRACKING: /usr/lib/x86_64-linux-gnu/libpcl_tracking.so  
[6.626s] -- Found PCL_RECOGNITION: /usr/lib/x86_64-linux-gnu/libpcl_recognition.so  
[6.628s] -- Found PCL_STEREO: /usr/lib/x86_64-linux-gnu/libpcl_stereo.so  
[6.630s] -- Found PCL_APPS: /usr/lib/x86_64-linux-gnu/libpcl_apps.so  
[6.632s] -- Found PCL_IN_HAND_SCANNER: /usr/include/pcl-1.12  
[6.632s] -- Found PCL_MODELER: /usr/include/pcl-1.12  
[6.633s] -- Found PCL_POINT_CLOUD_EDITOR: /usr/include/pcl-1.12  
[6.634s] -- Found PCL_OUTOFCORE: /usr/lib/x86_64-linux-gnu/libpcl_outofcore.so  
[6.636s] -- Found PCL_PEOPLE: /usr/lib/x86_64-linux-gnu/libpcl_people.so  
[6.713s] -- Found ament_lint_auto: 0.12.11 (/opt/ros/humble/share/ament_lint_auto/cmake)
[6.858s] -- Added test 'cppcheck' to perform static code analysis on C / C++ code
[6.860s] -- Configured cppcheck include dirs: /home/mewert/Desktop/luna/src/pointcloud_to_grid/include
[6.860s] -- Configured cppcheck exclude dirs and/or files: 
[6.861s] -- Added test 'flake8' to check Python code syntax and style conventions
[6.863s] -- Added test 'lint_cmake' to check CMake code style
[6.866s] -- Added test 'pep257' to check Python code against some of the docstring style conventions in PEP 257
[6.869s] -- Added test 'uncrustify' to check C / C++ code style
[6.869s] -- Configured uncrustify additional arguments: 
[6.870s] -- Added test 'xmllint' to check XML markup files
[6.872s] -- Configuring done
[6.964s] -- Generating done
[6.976s] -- Build files have been written to: /home/mewert/Desktop/luna/build/pointcloud_to_grid
[7.054s] Invoked command in '/home/mewert/Desktop/luna/build/pointcloud_to_grid' returned '0': CMAKE_PREFIX_PATH=${CMAKE_PREFIX_PATH}:/home/mewert/Desktop/luna/install/open_cv_pkg:/opt/ros/humble /usr/bin/cmake /home/mewert/Desktop/luna/src/pointcloud_to_grid -DAMENT_CMAKE_SYMLINK_INSTALL=1 -DCMAKE_INSTALL_PREFIX=/home/mewert/Desktop/luna/install/pointcloud_to_grid
[7.055s] Invoking command in '/home/mewert/Desktop/luna/build/pointcloud_to_grid': CMAKE_PREFIX_PATH=${CMAKE_PREFIX_PATH}:/home/mewert/Desktop/luna/install/open_cv_pkg:/opt/ros/humble /usr/bin/cmake --build /home/mewert/Desktop/luna/build/pointcloud_to_grid -- -j6 -l6
[7.154s] [ 25%] [32mBuilding CXX object CMakeFiles/pointcloud_to_grid_node.dir/src/pointcloud_to_grid_node.cpp.o[0m
[7.155s] [ 50%] [32mBuilding CXX object CMakeFiles/grid_trajectory.dir/src/grid_trajectory.cpp.o[0m
[19.488s] [01m[K/home/mewert/Desktop/luna/src/pointcloud_to_grid/src/pointcloud_to_grid_node.cpp:[m[K In constructor â€˜[01m[KPointCloudToGrid::PointCloudToGrid()[m[Kâ€™:
[19.489s] [01m[K/home/mewert/Desktop/luna/src/pointcloud_to_grid/src/pointcloud_to_grid_node.cpp:98:60:[m[K [01;31m[Kerror: [m[Kexpected primary-expression before â€˜[01m[K/[m[Kâ€™ token
[19.489s]    98 |     this->declare_parameter<std::string>("cloud_in_topic", [01;31m[K/[m[Kcamera/camera/depth/color/points);
[19.489s]       |                                                            [01;31m[K^[m[K
[19.509s] [01m[K/home/mewert/Desktop/luna/src/pointcloud_to_grid/src/pointcloud_to_grid_node.cpp:98:61:[m[K [01;31m[Kerror: [m[Kâ€˜[01m[Kcamera[m[Kâ€™ was not declared in this scope
[19.509s]    98 |     this->declare_parameter<std::string>("cloud_in_topic", /[01;31m[Kcamera[m[K/camera/depth/color/points);
[19.509s]       |                                                             [01;31m[K^~~~~~[m[K
[19.531s] [01m[K/home/mewert/Desktop/luna/src/pointcloud_to_grid/src/pointcloud_to_grid_node.cpp:98:75:[m[K [01;31m[Kerror: [m[Kâ€˜[01m[Kdepth[m[Kâ€™ was not declared in this scope
[19.531s]    98 | are_parameter<std::string>("cloud_in_topic", /camera/camera/[01;31m[Kdepth[m[K/color/points);
[19.531s]       |                                                             [01;31m[K^~~~~[m[K
[19.531s] 
[19.557s] [01m[K/home/mewert/Desktop/luna/src/pointcloud_to_grid/src/pointcloud_to_grid_node.cpp:98:81:[m[K [01;31m[Kerror: [m[Kâ€˜[01m[Kcolor[m[Kâ€™ was not declared in this scope
[19.557s]    98 | rameter<std::string>("cloud_in_topic", /camera/camera/depth/[01;31m[Kcolor[m[K/points);
[19.557s]       |                                                             [01;31m[K^~~~~[m[K
[19.557s] 
[19.577s] [01m[K/home/mewert/Desktop/luna/src/pointcloud_to_grid/src/pointcloud_to_grid_node.cpp:98:87:[m[K [01;31m[Kerror: [m[Kâ€˜[01m[Kpoints[m[Kâ€™ was not declared in this scope; did you mean â€˜[01m[Kprintf[m[Kâ€™?
[19.577s]    98 | eter<std::string>("cloud_in_topic", /camera/camera/depth/color/[01;31m[Kpoints[m[K);
[19.577s]       |                                                                [01;31m[K^~~~~~[m[K
[19.577s]       |                                                                [32m[Kprintf[m[K
[20.221s] gmake[2]: *** [CMakeFiles/pointcloud_to_grid_node.dir/build.make:76: CMakeFiles/pointcloud_to_grid_node.dir/src/pointcloud_to_grid_node.cpp.o] Interrupt
[20.221s] gmake[2]: *** [CMakeFiles/grid_trajectory.dir/build.make:76: CMakeFiles/grid_trajectory.dir/src/grid_trajectory.cpp.o] Interrupt
[20.221s] gmake[1]: *** [CMakeFiles/Makefile2:139: CMakeFiles/pointcloud_to_grid_node.dir/all] Interrupt
[20.221s] gmake[1]: *** [CMakeFiles/Makefile2:165: CMakeFiles/grid_trajectory.dir/all] Interrupt
[20.222s] gmake: *** [Makefile:146: all] Interrupt
[20.291s] Invoked command in '/home/mewert/Desktop/luna/build/pointcloud_to_grid' returned '-2': CMAKE_PREFIX_PATH=${CMAKE_PREFIX_PATH}:/home/mewert/Desktop/luna/install/open_cv_pkg:/opt/ros/humble /usr/bin/cmake --build /home/mewert/Desktop/luna/build/pointcloud_to_grid -- -j6 -l6
