[0.134s] Invoking command in '/home/mewert/Desktop/luna/build/diagnostic_updater': CMAKE_PREFIX_PATH=${CMAKE_PREFIX_PATH}:/home/mewert/Desktop/luna/install/open_cv_pkg:/opt/ros/humble /usr/bin/cmake --build /home/mewert/Desktop/luna/build/diagnostic_updater -- -j6 -l6
[4.614s] [35m[1mConsolidate compiler generated dependencies of target gtest_main[0m
[4.614s] [  7%] [32mBuilding CXX object gtest/CMakeFiles/gtest.dir/src/gtest-all.cc.o[0m
[4.614s] [ 14%] [32mBuilding CXX object CMakeFiles/diagnostic_updater.dir/src/diagnostic_updater.cpp.o[0m
[4.614s] [ 28%] Built target gtest_main
[4.614s] [ 28%] Built target ament_cmake_python_symlink_diagnostic_updater
[4.614s] running egg_info
[4.615s] writing diagnostic_updater.egg-info/PKG-INFO
[4.615s] writing dependency_links to diagnostic_updater.egg-info/dependency_links.txt
[4.615s] writing top-level names to diagnostic_updater.egg-info/top_level.txt
[4.615s] reading manifest file 'diagnostic_updater.egg-info/SOURCES.txt'
[4.615s] [ 28%] Built target ament_cmake_python_build_diagnostic_updater_egg
[20.732s] [ 35%] [32m[1mLinking CXX static library libgtest.a[0m
[21.068s] [ 35%] Built target gtest
[25.189s] [ 50%] [32m[1mLinking CXX shared library libdiagnostic_updater.so[0m
[26.247s] [ 50%] Built target diagnostic_updater
[26.283s] [35m[1mConsolidate compiler generated dependencies of target diagnostic_status_wrapper_test[0m
[26.357s] [ 57%] [32m[1mLinking CXX executable diagnostic_status_wrapper_test[0m
[27.744s] [ 64%] Built target diagnostic_status_wrapper_test
[27.963s] [ 64%] [32mBuilding CXX object CMakeFiles/status_msg_test.dir/test/status_msg_test.cpp.o[0m
[46.959s] gmake[2]: *** wait: No child processes.  Stop.
[46.959s] gmake[2]: *** Waiting for unfinished jobs....
[46.959s] gmake[2]: *** wait: No child processes.  Stop.
[46.959s] gmake[1]: *** [CMakeFiles/Makefile2:275: CMakeFiles/status_msg_test.dir/all] Error 2
[47.052s] gmake: *** [Makefile:146: all] Interrupt
[47.140s] Invoked command in '/home/mewert/Desktop/luna/build/diagnostic_updater' returned '-2': CMAKE_PREFIX_PATH=${CMAKE_PREFIX_PATH}:/home/mewert/Desktop/luna/install/open_cv_pkg:/opt/ros/humble /usr/bin/cmake --build /home/mewert/Desktop/luna/build/diagnostic_updater -- -j6 -l6
